<?xml version="1.0" encoding="UTF-8"?>
<testsuite xmlns:xsi="http://www.w3.org/2001/XMLSchema-instance" xsi:noNamespaceSchemaLocation="https://maven.apache.org/surefire/maven-surefire-plugin/xsd/surefire-test-report-3.0.xsd" version="3.0" name="testRunner.TestRunner" time="156.361" tests="5" errors="0" skipped="0" failures="0">
  <properties>
[...]
</properties>
  <testcase name="Add New Customer" classname="Customer Profile" time="77.723">
    <system-out><![CDATA[
@Sanity
Scenario: Add New Customer                                                                 # src/test/resources/Features/Customers.feature:11
[DEBUG] Resolution chrome=91 in cache (valid until 12:59:09 27/07/2021 BST)
[DEBUG] Resolution chrome91=91.0.4472.101 in cache (valid until 15:21:03 27/07/2021 BST)
[INFO] Using chromedriver 91.0.4472.101 (resolved driver for Chrome 91)
[DEBUG] Driver chromedriver 91.0.4472.101 found in cache
[INFO] Exporting webdriver.chrome.driver as C:\Users\User\.cache\selenium\chromedriver\win32\91.0.4472.101\chromedriver.exe
Launching the browser
  Given user launch chrome browser                                                         # stepDefinitions.Steps.user_launch_chrome_browser()
Opening browser
  When user opens the URL "http://admin-demo.nopcommerce.com/login"                        # stepDefinitions.Steps.user_opens_the_URL(java.lang.String)
Providing email details
  And user enters email as "admin@yourstore.com" and password as "admin"                   # stepDefinitions.Steps.user_enters_email_as_and_password_as(java.lang.String,java.lang.String)
  And I click on login                                                                     # stepDefinitions.Steps.i_click_on_login()
Checking dashboard page title..............
  Then user can view dashboard                                                             # stepDefinitions.Steps.user_can_view_dashboard()
  When user click on customers menu                                                        # stepDefinitions.Steps.user_click_on_customers_menu()
  And click on customers menu item                                                         # stepDefinitions.Steps.click_on_customers_menu_item()
  And click on add new button                                                              # stepDefinitions.Steps.click_on_add_new_button()
  Then user can view Add New customer page                                                 # stepDefinitions.Steps.user_can_view_add_new_customer_page()
  When user enter customer info                                                            # stepDefinitions.Steps.user_enter_customer_info()
  And click on Save button                                                                 # stepDefinitions.Steps.click_on_save_button()
  Then user can view confirmation message  "The new customer has been added successfully." # stepDefinitions.Steps.user_can_view_confirmation_message(java.lang.String)
  And close browser                                                                        # stepDefinitions.Steps.close_browser()
]]></system-out>
    <system-err><![CDATA[log4j:WARN No such property [convertionPattern] in org.apache.log4j.PatternLayout.
log4j:WARN No such property [convertionPattern] in org.apache.log4j.PatternLayout.
log4j:ERROR Could not find value for key log4j.appender.TTCC
log4j:ERROR Could not instantiate appender named "TTCC".
Starting ChromeDriver 91.0.4472.101 (af52a90bf87030dd1523486a1cd3ae25c5d76c9b-refs/branch-heads/4472@{#1462}) on port 23212
Only local connections are allowed.
Please see https://chromedriver.chromium.org/security-considerations for suggestions on keeping ChromeDriver safe.
ChromeDriver was started successfully.
Jul 27, 2021 12:47:26 PM org.openqa.selenium.remote.ProtocolHandshake createSession
INFO: Detected dialect: W3C
]]></system-err>
  </testcase>
  <testcase name="Perform Customer Search by email" classname="Customer Profile" time="23.116">
    <system-out><![CDATA[
@Regression
Scenario: Perform Customer Search by email                               # src/test/resources/Features/Customers.feature:22
[DEBUG] Resolution chrome=91 in cache (valid until 12:59:09 27/07/2021 BST)
[DEBUG] Resolution chrome91=91.0.4472.101 in cache (valid until 15:21:03 27/07/2021 BST)
[INFO] Using chromedriver 91.0.4472.101 (resolved driver for Chrome 91)
[DEBUG] Driver chromedriver 91.0.4472.101 found in cache
[INFO] Exporting webdriver.chrome.driver as C:\Users\User\.cache\selenium\chromedriver\win32\91.0.4472.101\chromedriver.exe
Launching the browser
  Given user launch chrome browser                                       # stepDefinitions.Steps.user_launch_chrome_browser()
Opening browser
  When user opens the URL "http://admin-demo.nopcommerce.com/login"      # stepDefinitions.Steps.user_opens_the_URL(java.lang.String)
Providing email details
  And user enters email as "admin@yourstore.com" and password as "admin" # stepDefinitions.Steps.user_enters_email_as_and_password_as(java.lang.String,java.lang.String)
  And I click on login                                                   # stepDefinitions.Steps.i_click_on_login()
Checking dashboard page title..............
  Then user can view dashboard                                           # stepDefinitions.Steps.user_can_view_dashboard()
  When user click on customers menu                                      # stepDefinitions.Steps.user_click_on_customers_menu()
  And click on customers menu item                                       # stepDefinitions.Steps.click_on_customers_menu_item()
  And enter customer email                                               # stepDefinitions.Steps.enter_customer_email()
  When click on search button                                            # stepDefinitions.Steps.click_on_search_button()
victoria_victoria@nopCommerce.com
  Then user should find email in the search table                        # stepDefinitions.Steps.user_should_find_email_in_the_search_table()
  And close browser                                                      # stepDefinitions.Steps.close_browser()
]]></system-out>
    <system-err><![CDATA[log4j:WARN No such property [convertionPattern] in org.apache.log4j.PatternLayout.
log4j:WARN No such property [convertionPattern] in org.apache.log4j.PatternLayout.
log4j:ERROR Could not find value for key log4j.appender.TTCC
log4j:ERROR Could not instantiate appender named "TTCC".
Starting ChromeDriver 91.0.4472.101 (af52a90bf87030dd1523486a1cd3ae25c5d76c9b-refs/branch-heads/4472@{#1462}) on port 40097
Only local connections are allowed.
Please see https://chromedriver.chromium.org/security-considerations for suggestions on keeping ChromeDriver safe.
ChromeDriver was started successfully.
Jul 27, 2021 12:48:40 PM org.openqa.selenium.remote.ProtocolHandshake createSession
INFO: Detected dialect: W3C
]]></system-err>
  </testcase>
  <testcase name="Perform Customer Search firstName and lastName" classname="Customer Profile" time="20.935">
    <system-out><![CDATA[
@Regression
Scenario: Perform Customer Search firstName and lastName                 # src/test/resources/Features/Customers.feature:31
[DEBUG] Resolution chrome=91 in cache (valid until 12:59:09 27/07/2021 BST)
[DEBUG] Resolution chrome91=91.0.4472.101 in cache (valid until 15:21:03 27/07/2021 BST)
[INFO] Using chromedriver 91.0.4472.101 (resolved driver for Chrome 91)
[DEBUG] Driver chromedriver 91.0.4472.101 found in cache
[INFO] Exporting webdriver.chrome.driver as C:\Users\User\.cache\selenium\chromedriver\win32\91.0.4472.101\chromedriver.exe
Launching the browser
  Given user launch chrome browser                                       # stepDefinitions.Steps.user_launch_chrome_browser()
Opening browser
  When user opens the URL "http://admin-demo.nopcommerce.com/login"      # stepDefinitions.Steps.user_opens_the_URL(java.lang.String)
Providing email details
  And user enters email as "admin@yourstore.com" and password as "admin" # stepDefinitions.Steps.user_enters_email_as_and_password_as(java.lang.String,java.lang.String)
  And I click on login                                                   # stepDefinitions.Steps.i_click_on_login()
Checking dashboard page title..............
  Then user can view dashboard                                           # stepDefinitions.Steps.user_can_view_dashboard()
  When user click on customers menu                                      # stepDefinitions.Steps.user_click_on_customers_menu()
  And click on customers menu item                                       # stepDefinitions.Steps.click_on_customers_menu_item()
  And enter customer FirstName                                           # stepDefinitions.Steps.enter_customer_first_name()
  And enter customer LastName                                            # stepDefinitions.Steps.enter_customer_last_name()
  When click on search button                                            # stepDefinitions.Steps.click_on_search_button()
Extracting customer name from the search table...............
Victoria Terces
  Then user should find Name in the search table                         # stepDefinitions.Steps.user_should_find_name_in_the_search_table()
  And close browser                                                      # stepDefinitions.Steps.close_browser()
]]></system-out>
    <system-err><![CDATA[log4j:WARN No such property [convertionPattern] in org.apache.log4j.PatternLayout.
log4j:WARN No such property [convertionPattern] in org.apache.log4j.PatternLayout.
log4j:ERROR Could not find value for key log4j.appender.TTCC
log4j:ERROR Could not instantiate appender named "TTCC".
Starting ChromeDriver 91.0.4472.101 (af52a90bf87030dd1523486a1cd3ae25c5d76c9b-refs/branch-heads/4472@{#1462}) on port 45780
Only local connections are allowed.
Please see https://chromedriver.chromium.org/security-considerations for suggestions on keeping ChromeDriver safe.
ChromeDriver was started successfully.
Jul 27, 2021 12:49:03 PM org.openqa.selenium.remote.ProtocolHandshake createSession
INFO: Detected dialect: W3C
]]></system-err>
  </testcase>
  <testcase name="Successful Login with valid credentials" classname="Login" time="17.801">
    <system-out><![CDATA[
@Sanity
Scenario: Successful Login with valid credentials                        # src/test/resources/Features/Login.feature:4
[DEBUG] Resolution chrome=91 in cache (valid until 12:59:09 27/07/2021 BST)
[DEBUG] Resolution chrome91=91.0.4472.101 in cache (valid until 15:21:03 27/07/2021 BST)
[INFO] Using chromedriver 91.0.4472.101 (resolved driver for Chrome 91)
[DEBUG] Driver chromedriver 91.0.4472.101 found in cache
[INFO] Exporting webdriver.chrome.driver as C:\Users\User\.cache\selenium\chromedriver\win32\91.0.4472.101\chromedriver.exe
Launching the browser
  Given user launch chrome browser                                       # stepDefinitions.Steps.user_launch_chrome_browser()
Opening browser
  When user opens the URL "http://admin-demo.nopcommerce.com/login"      # stepDefinitions.Steps.user_opens_the_URL(java.lang.String)
Providing email details
  And user enters email as "admin@yourstore.com" and password as "admin" # stepDefinitions.Steps.user_enters_email_as_and_password_as(java.lang.String,java.lang.String)
  And I click on login                                                   # stepDefinitions.Steps.i_click_on_login()
Asserting page title
  Then page title should be "Dashboard / nopCommerce administration"     # stepDefinitions.Steps.page_title_should_be(java.lang.String)
  When user click on log out link                                        # stepDefinitions.Steps.user_click_on_log_out_link()
Asserting page title
  Then page title should be "Your store. Login"                          # stepDefinitions.Steps.page_title_should_be(java.lang.String)
  And close browser                                                      # stepDefinitions.Steps.close_browser()
]]></system-out>
    <system-err><![CDATA[log4j:WARN No such property [convertionPattern] in org.apache.log4j.PatternLayout.
log4j:WARN No such property [convertionPattern] in org.apache.log4j.PatternLayout.
log4j:ERROR Could not find value for key log4j.appender.TTCC
log4j:ERROR Could not instantiate appender named "TTCC".
Starting ChromeDriver 91.0.4472.101 (af52a90bf87030dd1523486a1cd3ae25c5d76c9b-refs/branch-heads/4472@{#1462}) on port 18909
Only local connections are allowed.
Please see https://chromedriver.chromium.org/security-considerations for suggestions on keeping ChromeDriver safe.
ChromeDriver was started successfully.
Jul 27, 2021 12:49:24 PM org.openqa.selenium.remote.ProtocolHandshake createSession
INFO: Detected dialect: W3C
]]></system-err>
  </testcase>
  <testcase name="Successful Login with valid credentials data driven" classname="Login" time="15.097">
    <system-out><![CDATA[
@Regression
Scenario Outline: Successful Login with valid credentials data driven    # src/test/resources/Features/Login.feature:26
[DEBUG] Resolution chrome=91 in cache (valid until 12:59:09 27/07/2021 BST)
[DEBUG] Resolution chrome91=91.0.4472.101 in cache (valid until 15:21:03 27/07/2021 BST)
[INFO] Using chromedriver 91.0.4472.101 (resolved driver for Chrome 91)
[DEBUG] Driver chromedriver 91.0.4472.101 found in cache
[INFO] Exporting webdriver.chrome.driver as C:\Users\User\.cache\selenium\chromedriver\win32\91.0.4472.101\chromedriver.exe
Launching the browser
  Given user launch chrome browser                                       # stepDefinitions.Steps.user_launch_chrome_browser()
Opening browser
  When user opens the URL "http://admin-demo.nopcommerce.com/login"      # stepDefinitions.Steps.user_opens_the_URL(java.lang.String)
Providing email details
  And user enters email as "admin@yourstore.com" and password as "admin" # stepDefinitions.Steps.user_enters_email_as_and_password_as(java.lang.String,java.lang.String)
  And I click on login                                                   # stepDefinitions.Steps.i_click_on_login()
Asserting page title
  Then page title should be "Dashboard / nopCommerce administration"     # stepDefinitions.Steps.page_title_should_be(java.lang.String)
  When user click on log out link                                        # stepDefinitions.Steps.user_click_on_log_out_link()
Asserting page title
  Then page title should be "Your store. Login"                          # stepDefinitions.Steps.page_title_should_be(java.lang.String)
  And close browser                                                      # stepDefinitions.Steps.close_browser()
]]></system-out>
    <system-err><![CDATA[log4j:WARN No such property [convertionPattern] in org.apache.log4j.PatternLayout.
log4j:WARN No such property [convertionPattern] in org.apache.log4j.PatternLayout.
log4j:ERROR Could not find value for key log4j.appender.TTCC
log4j:ERROR Could not instantiate appender named "TTCC".
Starting ChromeDriver 91.0.4472.101 (af52a90bf87030dd1523486a1cd3ae25c5d76c9b-refs/branch-heads/4472@{#1462}) on port 23021
Only local connections are allowed.
Please see https://chromedriver.chromium.org/security-considerations for suggestions on keeping ChromeDriver safe.
ChromeDriver was started successfully.
Jul 27, 2021 12:49:41 PM org.openqa.selenium.remote.ProtocolHandshake createSession
INFO: Detected dialect: W3C
]]></system-err>
  </testcase>
</testsuite>