<?xml version="1.0" encoding="UTF-8"?>
<testsuite xmlns:xsi="http://www.w3.org/2001/XMLSchema-instance" xsi:noNamespaceSchemaLocation="https://maven.apache.org/surefire/maven-surefire-plugin/xsd/surefire-test-report-3.0.xsd" version="3.0" name="testRunner.TestRunner" time="36.599" tests="3" errors="1" skipped="0" failures="1">
  <properties>
[...]
</properties>
  <testcase name="Successful Login with valid credentials data driven #1" classname="Login" time="26.754">
    <system-out><![CDATA[chrome
[DEBUG] Resolution chrome=91 in cache (valid until 00:28:12 29/07/2021 BST)
[DEBUG] Resolution chrome91=91.0.4472.101 in cache (valid until 21:48:59 29/07/2021 BST)
[INFO] Using chromedriver 91.0.4472.101 (resolved driver for Chrome 91)
[DEBUG] Driver chromedriver 91.0.4472.101 found in cache
[INFO] Exporting webdriver.chrome.driver as C:\Users\User\.cache\selenium\chromedriver\win32\91.0.4472.101\chromedriver.exe
 INFO [main] (Steps.java:45)- Launching the browser
 INFO [main] (Steps.java:52)- Opening browser
 INFO [main] (Steps.java:59)- Providing email details
 INFO [main] (Steps.java:75)- Asserting page title
 INFO [main] (Steps.java:75)- Asserting page title
 INFO [main] (Steps.java:90)- Place holder for closing browser
]]></system-out>
    <system-err><![CDATA[Starting ChromeDriver 91.0.4472.101 (af52a90bf87030dd1523486a1cd3ae25c5d76c9b-refs/branch-heads/4472@{#1462}) on port 33998
Only local connections are allowed.
Please see https://chromedriver.chromium.org/security-considerations for suggestions on keeping ChromeDriver safe.
ChromeDriver was started successfully.
[1627513979.428][WARNING]: This version of ChromeDriver has not been tested with Chrome version 92.
Jul 29, 2021 12:12:59 AM org.openqa.selenium.remote.ProtocolHandshake createSession
INFO: Detected dialect: W3C
]]></system-err>
  </testcase>
  <testcase name="Successful Login with valid credentials data driven #2" classname="Login" time="7.916">
    <failure type="java.lang.AssertionError"><![CDATA[java.lang.AssertionError
]]></failure>
    <system-out><![CDATA[chrome
[DEBUG] Resolution chrome=91 in cache (valid until 00:28:12 29/07/2021 BST)
[DEBUG] Resolution chrome91=91.0.4472.101 in cache (valid until 21:48:59 29/07/2021 BST)
[INFO] Using chromedriver 91.0.4472.101 (resolved driver for Chrome 91)
[DEBUG] Driver chromedriver 91.0.4472.101 found in cache
[INFO] Exporting webdriver.chrome.driver as C:\Users\User\.cache\selenium\chromedriver\win32\91.0.4472.101\chromedriver.exe
 INFO [main] (Steps.java:45)- Launching the browser
 INFO [main] (Steps.java:52)- Opening browser
 INFO [main] (Steps.java:59)- Providing email details
]]></system-out>
    <system-err><![CDATA[Starting ChromeDriver 91.0.4472.101 (af52a90bf87030dd1523486a1cd3ae25c5d76c9b-refs/branch-heads/4472@{#1462}) on port 41988
Only local connections are allowed.
Please see https://chromedriver.chromium.org/security-considerations for suggestions on keeping ChromeDriver safe.
ChromeDriver was started successfully.
[1627514004.102][WARNING]: This version of ChromeDriver has not been tested with Chrome version 92.
Jul 29, 2021 12:13:24 AM org.openqa.selenium.remote.ProtocolHandshake createSession
INFO: Detected dialect: W3C
]]></system-err>
  </testcase>
  <testcase name="Successful Login with valid credentials data driven #2" classname="Login" time="7.916">
    <error message="invalid session id&#10;Build info: version: &apos;3.141.59&apos;, revision: &apos;e82be7d358&apos;, time: &apos;2018-11-14T08:17:03&apos;&#10;System info: host: &apos;DESKTOP-UOGTG7D&apos;, ip: &apos;192.168.0.41&apos;, os.name: &apos;Windows 10&apos;, os.arch: &apos;amd64&apos;, os.version: &apos;10.0&apos;, java.version: &apos;14&apos;&#10;Driver info: org.openqa.selenium.chrome.ChromeDriver&#10;Capabilities {acceptInsecureCerts: false, browserName: chrome, browserVersion: 92.0.4515.107, chrome: {chromedriverVersion: 91.0.4472.101 (af52a90bf870..., userDataDir: C:\Users\User\AppData\Local...}, goog:chromeOptions: {debuggerAddress: localhost:51484}, javascriptEnabled: true, networkConnectionEnabled: false, pageLoadStrategy: normal, platform: WINDOWS, platformName: WINDOWS, proxy: Proxy(), setWindowRect: true, strictFileInteractability: false, timeouts: {implicit: 0, pageLoad: 300000, script: 30000}, unhandledPromptBehavior: dismiss and notify, webauthn:extension:largeBlob: true, webauthn:virtualAuthenticators: true}&#10;Session ID: 5758636a4b620472816b7641a50de54a" type="org.openqa.selenium.NoSuchSessionException"><![CDATA[org.openqa.selenium.NoSuchSessionException: 
invalid session id
Build info: version: '3.141.59', revision: 'e82be7d358', time: '2018-11-14T08:17:03'
System info: host: 'DESKTOP-UOGTG7D', ip: '192.168.0.41', os.name: 'Windows 10', os.arch: 'amd64', os.version: '10.0', java.version: '14'
Driver info: org.openqa.selenium.chrome.ChromeDriver
Capabilities {acceptInsecureCerts: false, browserName: chrome, browserVersion: 92.0.4515.107, chrome: {chromedriverVersion: 91.0.4472.101 (af52a90bf870..., userDataDir: C:\Users\User\AppData\Local...}, goog:chromeOptions: {debuggerAddress: localhost:51484}, javascriptEnabled: true, networkConnectionEnabled: false, pageLoadStrategy: normal, platform: WINDOWS, platformName: WINDOWS, proxy: Proxy(), setWindowRect: true, strictFileInteractability: false, timeouts: {implicit: 0, pageLoad: 300000, script: 30000}, unhandledPromptBehavior: dismiss and notify, webauthn:extension:largeBlob: true, webauthn:virtualAuthenticators: true}
Session ID: 5758636a4b620472816b7641a50de54a
]]></error>
  </testcase>
</testsuite>